{"/Users/andres/ecommerce-node/src/index.js": {"path":"/Users/andres/ecommerce-node/src/index.js","statementMap":{"0":{"start":{"line":47,"column":12},"end":{"line":47,"column":28}},"1":{"start":{"line":48,"column":11},"end":{"line":48,"column":33}},"2":{"start":{"line":50,"column":14},"end":{"line":64,"column":1}},"3":{"start":{"line":51,"column":2},"end":{"line":63,"column":3}},"4":{"start":{"line":52,"column":4},"end":{"line":52,"column":28}},"5":{"start":{"line":53,"column":4},"end":{"line":53,"column":28}},"6":{"start":{"line":54,"column":4},"end":{"line":54,"column":20}},"7":{"start":{"line":55,"column":4},"end":{"line":55,"column":44}},"8":{"start":{"line":56,"column":17},"end":{"line":56,"column":41}},"9":{"start":{"line":57,"column":4},"end":{"line":59,"column":6}},"10":{"start":{"line":58,"column":6},"end":{"line":58,"column":60}},"11":{"start":{"line":61,"column":4},"end":{"line":61,"column":46}},"12":{"start":{"line":62,"column":4},"end":{"line":62,"column":20}},"13":{"start":{"line":66,"column":0},"end":{"line":66,"column":8}}},"fnMap":{"0":{"name":"(anonymous_0)","decl":{"start":{"line":50,"column":14},"end":{"line":50,"column":15}},"loc":{"start":{"line":50,"column":26},"end":{"line":64,"column":1}},"line":50},"1":{"name":"(anonymous_1)","decl":{"start":{"line":57,"column":21},"end":{"line":57,"column":22}},"loc":{"start":{"line":58,"column":6},"end":{"line":58,"column":60}},"line":58}},"branchMap":{"0":{"loc":{"start":{"line":56,"column":17},"end":{"line":56,"column":41}},"type":"binary-expr","locations":[{"start":{"line":56,"column":17},"end":{"line":56,"column":33}},{"start":{"line":56,"column":37},"end":{"line":56,"column":41}}],"line":56}},"s":{"0":0,"1":0,"2":0,"3":0,"4":0,"5":0,"6":0,"7":0,"8":0,"9":0,"10":0,"11":0,"12":0,"13":0},"f":{"0":0,"1":0},"b":{"0":[0,0]}}
,"/Users/andres/ecommerce-node/src/seed.js": {"path":"/Users/andres/ecommerce-node/src/seed.js","statementMap":{"0":{"start":{"line":1,"column":0},"end":{"line":1,"column":27}},"1":{"start":{"line":2,"column":11},"end":{"line":2,"column":33}},"2":{"start":{"line":3,"column":20},"end":{"line":3,"column":39}},"3":{"start":{"line":5,"column":17},"end":{"line":36,"column":1}},"4":{"start":{"line":38,"column":13},"end":{"line":60,"column":1}},"5":{"start":{"line":39,"column":2},"end":{"line":59,"column":3}},"6":{"start":{"line":40,"column":4},"end":{"line":40,"column":28}},"7":{"start":{"line":41,"column":4},"end":{"line":41,"column":42}},"8":{"start":{"line":43,"column":4},"end":{"line":43,"column":20}},"9":{"start":{"line":44,"column":4},"end":{"line":44,"column":43}},"10":{"start":{"line":46,"column":4},"end":{"line":52,"column":5}},"11":{"start":{"line":47,"column":30},"end":{"line":50,"column":8}},"12":{"start":{"line":51,"column":6},"end":{"line":51,"column":75}},"13":{"start":{"line":54,"column":4},"end":{"line":54,"column":37}},"14":{"start":{"line":55,"column":4},"end":{"line":55,"column":20}},"15":{"start":{"line":57,"column":4},"end":{"line":57,"column":43}},"16":{"start":{"line":58,"column":4},"end":{"line":58,"column":20}},"17":{"start":{"line":62,"column":0},"end":{"line":62,"column":7}}},"fnMap":{"0":{"name":"(anonymous_0)","decl":{"start":{"line":38,"column":13},"end":{"line":38,"column":14}},"loc":{"start":{"line":38,"column":25},"end":{"line":60,"column":1}},"line":38}},"branchMap":{"0":{"loc":{"start":{"line":51,"column":21},"end":{"line":51,"column":57}},"type":"cond-expr","locations":[{"start":{"line":51,"column":31},"end":{"line":51,"column":40}},{"start":{"line":51,"column":43},"end":{"line":51,"column":57}}],"line":51}},"s":{"0":0,"1":0,"2":0,"3":0,"4":0,"5":0,"6":0,"7":0,"8":0,"9":0,"10":0,"11":0,"12":0,"13":0,"14":0,"15":0,"16":0,"17":0},"f":{"0":0},"b":{"0":[0,0]}}
,"/Users/andres/ecommerce-node/src/controllers/authController.js": {"path":"/Users/andres/ecommerce-node/src/controllers/authController.js","statementMap":{"0":{"start":{"line":1,"column":15},"end":{"line":1,"column":34}},"1":{"start":{"line":2,"column":12},"end":{"line":2,"column":35}},"2":{"start":{"line":3,"column":17},"end":{"line":3,"column":37}},"3":{"start":{"line":5,"column":0},"end":{"line":28,"column":2}},"4":{"start":{"line":6,"column":2},"end":{"line":27,"column":3}},"5":{"start":{"line":7,"column":38},"end":{"line":7,"column":46}},"6":{"start":{"line":9,"column":19},"end":{"line":9,"column":59}},"7":{"start":{"line":10,"column":4},"end":{"line":10,"column":78}},"8":{"start":{"line":10,"column":16},"end":{"line":10,"column":78}},"9":{"start":{"line":13,"column":17},"end":{"line":13,"column":48}},"10":{"start":{"line":15,"column":17},"end":{"line":15,"column":72}},"11":{"start":{"line":18,"column":18},"end":{"line":22,"column":5}},"12":{"start":{"line":23,"column":4},"end":{"line":23,"column":36}},"13":{"start":{"line":25,"column":4},"end":{"line":25,"column":23}},"14":{"start":{"line":26,"column":4},"end":{"line":26,"column":66}},"15":{"start":{"line":30,"column":0},"end":{"line":52,"column":2}},"16":{"start":{"line":31,"column":2},"end":{"line":51,"column":3}},"17":{"start":{"line":32,"column":32},"end":{"line":32,"column":40}},"18":{"start":{"line":34,"column":17},"end":{"line":34,"column":57}},"19":{"start":{"line":35,"column":4},"end":{"line":35,"column":80}},"20":{"start":{"line":35,"column":15},"end":{"line":35,"column":80}},"21":{"start":{"line":38,"column":18},"end":{"line":38,"column":68}},"22":{"start":{"line":39,"column":4},"end":{"line":39,"column":81}},"23":{"start":{"line":39,"column":16},"end":{"line":39,"column":81}},"24":{"start":{"line":42,"column":18},"end":{"line":46,"column":5}},"25":{"start":{"line":47,"column":4},"end":{"line":47,"column":24}},"26":{"start":{"line":49,"column":4},"end":{"line":49,"column":23}},"27":{"start":{"line":50,"column":4},"end":{"line":50,"column":63}}},"fnMap":{"0":{"name":"(anonymous_0)","decl":{"start":{"line":5,"column":19},"end":{"line":5,"column":20}},"loc":{"start":{"line":5,"column":39},"end":{"line":28,"column":1}},"line":5},"1":{"name":"(anonymous_1)","decl":{"start":{"line":30,"column":16},"end":{"line":30,"column":17}},"loc":{"start":{"line":30,"column":36},"end":{"line":52,"column":1}},"line":30}},"branchMap":{"0":{"loc":{"start":{"line":10,"column":4},"end":{"line":10,"column":78}},"type":"if","locations":[{"start":{"line":10,"column":4},"end":{"line":10,"column":78}},{"start":{},"end":{}}],"line":10},"1":{"loc":{"start":{"line":35,"column":4},"end":{"line":35,"column":80}},"type":"if","locations":[{"start":{"line":35,"column":4},"end":{"line":35,"column":80}},{"start":{},"end":{}}],"line":35},"2":{"loc":{"start":{"line":39,"column":4},"end":{"line":39,"column":81}},"type":"if","locations":[{"start":{"line":39,"column":4},"end":{"line":39,"column":81}},{"start":{},"end":{}}],"line":39}},"s":{"0":3,"1":3,"2":3,"3":3,"4":1,"5":1,"6":1,"7":1,"8":0,"9":1,"10":1,"11":1,"12":1,"13":0,"14":0,"15":3,"16":2,"17":2,"18":2,"19":2,"20":0,"21":2,"22":2,"23":0,"24":2,"25":2,"26":0,"27":0},"f":{"0":1,"1":2},"b":{"0":[0,1],"1":[0,2],"2":[0,2]},"_coverageSchema":"1a1c01bbd47fc00a2c39e90264f33305004495a9","hash":"c2225042cfdeeac201e4d6595ea51be7ebae4d5d"}
,"/Users/andres/ecommerce-node/src/controllers/orderController.js": {"path":"/Users/andres/ecommerce-node/src/controllers/orderController.js","statementMap":{"0":{"start":{"line":1,"column":38},"end":{"line":1,"column":58}},"1":{"start":{"line":3,"column":0},"end":{"line":49,"column":2}},"2":{"start":{"line":4,"column":2},"end":{"line":48,"column":3}},"3":{"start":{"line":5,"column":22},"end":{"line":5,"column":30}},"4":{"start":{"line":6,"column":4},"end":{"line":8,"column":5}},"5":{"start":{"line":7,"column":6},"end":{"line":7,"column":83}},"6":{"start":{"line":11,"column":18},"end":{"line":11,"column":61}},"7":{"start":{"line":13,"column":16},"end":{"line":13,"column":17}},"8":{"start":{"line":15,"column":4},"end":{"line":28,"column":5}},"9":{"start":{"line":16,"column":22},"end":{"line":16,"column":55}},"10":{"start":{"line":17,"column":6},"end":{"line":19,"column":7}},"11":{"start":{"line":18,"column":8},"end":{"line":18,"column":86}},"12":{"start":{"line":20,"column":20},"end":{"line":20,"column":45}},"13":{"start":{"line":21,"column":6},"end":{"line":26,"column":9}},"14":{"start":{"line":27,"column":6},"end":{"line":27,"column":32}},"15":{"start":{"line":31,"column":4},"end":{"line":31,"column":24}},"16":{"start":{"line":32,"column":4},"end":{"line":32,"column":23}},"17":{"start":{"line":35,"column":22},"end":{"line":42,"column":6}},"18":{"start":{"line":44,"column":4},"end":{"line":44,"column":36}},"19":{"start":{"line":46,"column":4},"end":{"line":46,"column":23}},"20":{"start":{"line":47,"column":4},"end":{"line":47,"column":60}},"21":{"start":{"line":51,"column":0},"end":{"line":68,"column":2}},"22":{"start":{"line":52,"column":2},"end":{"line":67,"column":3}},"23":{"start":{"line":53,"column":19},"end":{"line":62,"column":6}},"24":{"start":{"line":63,"column":4},"end":{"line":63,"column":25}},"25":{"start":{"line":65,"column":4},"end":{"line":65,"column":23}},"26":{"start":{"line":66,"column":4},"end":{"line":66,"column":63}}},"fnMap":{"0":{"name":"(anonymous_0)","decl":{"start":{"line":3,"column":22},"end":{"line":3,"column":23}},"loc":{"start":{"line":3,"column":42},"end":{"line":49,"column":1}},"line":3},"1":{"name":"(anonymous_1)","decl":{"start":{"line":51,"column":20},"end":{"line":51,"column":21}},"loc":{"start":{"line":51,"column":40},"end":{"line":68,"column":1}},"line":51}},"branchMap":{"0":{"loc":{"start":{"line":6,"column":4},"end":{"line":8,"column":5}},"type":"if","locations":[{"start":{"line":6,"column":4},"end":{"line":8,"column":5}},{"start":{},"end":{}}],"line":6},"1":{"loc":{"start":{"line":6,"column":8},"end":{"line":6,"column":51}},"type":"binary-expr","locations":[{"start":{"line":6,"column":8},"end":{"line":6,"column":29}},{"start":{"line":6,"column":33},"end":{"line":6,"column":51}}],"line":6},"2":{"loc":{"start":{"line":17,"column":6},"end":{"line":19,"column":7}},"type":"if","locations":[{"start":{"line":17,"column":6},"end":{"line":19,"column":7}},{"start":{},"end":{}}],"line":17}},"s":{"0":3,"1":3,"2":3,"3":3,"4":3,"5":0,"6":3,"7":3,"8":3,"9":4,"10":4,"11":1,"12":3,"13":3,"14":2,"15":1,"16":1,"17":1,"18":1,"19":1,"20":1,"21":3,"22":1,"23":1,"24":1,"25":0,"26":0},"f":{"0":3,"1":1},"b":{"0":[0,3],"1":[3,3],"2":[1,3]},"_coverageSchema":"1a1c01bbd47fc00a2c39e90264f33305004495a9","hash":"55f5d1a0987bc0c87fe0df0067ce188c4d99e621"}
,"/Users/andres/ecommerce-node/src/controllers/productController.js": {"path":"/Users/andres/ecommerce-node/src/controllers/productController.js","statementMap":{"0":{"start":{"line":1,"column":20},"end":{"line":1,"column":40}},"1":{"start":{"line":3,"column":0},"end":{"line":11,"column":2}},"2":{"start":{"line":4,"column":2},"end":{"line":10,"column":3}},"3":{"start":{"line":5,"column":21},"end":{"line":5,"column":44}},"4":{"start":{"line":6,"column":4},"end":{"line":6,"column":27}},"5":{"start":{"line":8,"column":4},"end":{"line":8,"column":23}},"6":{"start":{"line":9,"column":4},"end":{"line":9,"column":65}},"7":{"start":{"line":13,"column":0},"end":{"line":23,"column":2}},"8":{"start":{"line":14,"column":2},"end":{"line":22,"column":3}},"9":{"start":{"line":15,"column":19},"end":{"line":15,"column":29}},"10":{"start":{"line":16,"column":20},"end":{"line":16,"column":46}},"11":{"start":{"line":17,"column":4},"end":{"line":17,"column":83}},"12":{"start":{"line":17,"column":18},"end":{"line":17,"column":83}},"13":{"start":{"line":18,"column":4},"end":{"line":18,"column":26}},"14":{"start":{"line":20,"column":4},"end":{"line":20,"column":23}},"15":{"start":{"line":21,"column":4},"end":{"line":21,"column":65}}},"fnMap":{"0":{"name":"(anonymous_0)","decl":{"start":{"line":3,"column":25},"end":{"line":3,"column":26}},"loc":{"start":{"line":3,"column":45},"end":{"line":11,"column":1}},"line":3},"1":{"name":"(anonymous_1)","decl":{"start":{"line":13,"column":25},"end":{"line":13,"column":26}},"loc":{"start":{"line":13,"column":45},"end":{"line":23,"column":1}},"line":13}},"branchMap":{"0":{"loc":{"start":{"line":17,"column":4},"end":{"line":17,"column":83}},"type":"if","locations":[{"start":{"line":17,"column":4},"end":{"line":17,"column":83}},{"start":{},"end":{}}],"line":17}},"s":{"0":3,"1":3,"2":1,"3":1,"4":1,"5":0,"6":0,"7":3,"8":1,"9":1,"10":1,"11":1,"12":0,"13":1,"14":0,"15":0},"f":{"0":1,"1":1},"b":{"0":[0,1]},"_coverageSchema":"1a1c01bbd47fc00a2c39e90264f33305004495a9","hash":"5cc8c32d8f17a31b85d6c36a5a1e7b450d2efd10"}
,"/Users/andres/ecommerce-node/src/controllers/userController.js": {"path":"/Users/andres/ecommerce-node/src/controllers/userController.js","statementMap":{"0":{"start":{"line":1,"column":0},"end":{"line":4,"column":2}},"1":{"start":{"line":3,"column":2},"end":{"line":3,"column":31}}},"fnMap":{"0":{"name":"(anonymous_0)","decl":{"start":{"line":1,"column":16},"end":{"line":1,"column":17}},"loc":{"start":{"line":1,"column":30},"end":{"line":4,"column":1}},"line":1}},"branchMap":{},"s":{"0":3,"1":0},"f":{"0":0},"b":{},"_coverageSchema":"1a1c01bbd47fc00a2c39e90264f33305004495a9","hash":"567ef176e4cdc22c65868ff43e24b339402e72b5"}
,"/Users/andres/ecommerce-node/src/middleware/auth.js": {"path":"/Users/andres/ecommerce-node/src/middleware/auth.js","statementMap":{"0":{"start":{"line":1,"column":12},"end":{"line":1,"column":35}},"1":{"start":{"line":2,"column":17},"end":{"line":2,"column":37}},"2":{"start":{"line":4,"column":0},"end":{"line":21,"column":2}},"3":{"start":{"line":5,"column":2},"end":{"line":20,"column":3}},"4":{"start":{"line":6,"column":19},"end":{"line":6,"column":46}},"5":{"start":{"line":7,"column":4},"end":{"line":7,"column":82}},"6":{"start":{"line":7,"column":17},"end":{"line":7,"column":82}},"7":{"start":{"line":9,"column":18},"end":{"line":9,"column":47}},"8":{"start":{"line":10,"column":20},"end":{"line":10,"column":61}},"9":{"start":{"line":12,"column":17},"end":{"line":12,"column":99}},"10":{"start":{"line":13,"column":4},"end":{"line":13,"column":75}},"11":{"start":{"line":13,"column":15},"end":{"line":13,"column":75}},"12":{"start":{"line":15,"column":4},"end":{"line":15,"column":20}},"13":{"start":{"line":16,"column":4},"end":{"line":16,"column":11}},"14":{"start":{"line":18,"column":4},"end":{"line":18,"column":23}},"15":{"start":{"line":19,"column":4},"end":{"line":19,"column":61}}},"fnMap":{"0":{"name":"(anonymous_0)","decl":{"start":{"line":4,"column":17},"end":{"line":4,"column":18}},"loc":{"start":{"line":4,"column":43},"end":{"line":21,"column":1}},"line":4}},"branchMap":{"0":{"loc":{"start":{"line":7,"column":4},"end":{"line":7,"column":82}},"type":"if","locations":[{"start":{"line":7,"column":4},"end":{"line":7,"column":82}},{"start":{},"end":{}}],"line":7},"1":{"loc":{"start":{"line":13,"column":4},"end":{"line":13,"column":75}},"type":"if","locations":[{"start":{"line":13,"column":4},"end":{"line":13,"column":75}},{"start":{},"end":{}}],"line":13}},"s":{"0":3,"1":3,"2":3,"3":5,"4":5,"5":5,"6":1,"7":4,"8":4,"9":4,"10":4,"11":0,"12":4,"13":4,"14":0,"15":0},"f":{"0":5},"b":{"0":[1,4],"1":[0,4]},"_coverageSchema":"1a1c01bbd47fc00a2c39e90264f33305004495a9","hash":"54381cce66936fe71309617e6113bc4c3afcb3e1"}
,"/Users/andres/ecommerce-node/src/models/order.js": {"path":"/Users/andres/ecommerce-node/src/models/order.js","statementMap":{"0":{"start":{"line":1,"column":22},"end":{"line":1,"column":42}},"1":{"start":{"line":2,"column":18},"end":{"line":2,"column":41}},"2":{"start":{"line":4,"column":14},"end":{"line":11,"column":2}},"3":{"start":{"line":13,"column":0},"end":{"line":13,"column":23}}},"fnMap":{},"branchMap":{},"s":{"0":3,"1":3,"2":3,"3":3},"f":{},"b":{},"_coverageSchema":"1a1c01bbd47fc00a2c39e90264f33305004495a9","hash":"f0f7faf68786f59d1490a05f8a96af5b1064f8e6"}
,"/Users/andres/ecommerce-node/src/models/orderItem.js": {"path":"/Users/andres/ecommerce-node/src/models/orderItem.js","statementMap":{"0":{"start":{"line":1,"column":22},"end":{"line":1,"column":42}},"1":{"start":{"line":2,"column":18},"end":{"line":2,"column":41}},"2":{"start":{"line":4,"column":18},"end":{"line":15,"column":2}},"3":{"start":{"line":17,"column":0},"end":{"line":17,"column":27}}},"fnMap":{},"branchMap":{},"s":{"0":3,"1":3,"2":3,"3":3},"f":{},"b":{},"_coverageSchema":"1a1c01bbd47fc00a2c39e90264f33305004495a9","hash":"119dcd365b65fdf4f23e721c019ed30ed006059e"}
,"/Users/andres/ecommerce-node/src/models/product.js": {"path":"/Users/andres/ecommerce-node/src/models/product.js","statementMap":{"0":{"start":{"line":1,"column":22},"end":{"line":1,"column":42}},"1":{"start":{"line":2,"column":18},"end":{"line":2,"column":41}},"2":{"start":{"line":4,"column":16},"end":{"line":23,"column":2}},"3":{"start":{"line":25,"column":0},"end":{"line":25,"column":25}}},"fnMap":{},"branchMap":{},"s":{"0":3,"1":3,"2":3,"3":3},"f":{},"b":{},"_coverageSchema":"1a1c01bbd47fc00a2c39e90264f33305004495a9","hash":"e7d082e55e1291354d819dba9c7b0721ae2c1824"}
,"/Users/andres/ecommerce-node/src/models/user.js": {"path":"/Users/andres/ecommerce-node/src/models/user.js","statementMap":{"0":{"start":{"line":1,"column":22},"end":{"line":1,"column":42}},"1":{"start":{"line":2,"column":18},"end":{"line":2,"column":41}},"2":{"start":{"line":4,"column":13},"end":{"line":21,"column":2}},"3":{"start":{"line":23,"column":0},"end":{"line":23,"column":22}}},"fnMap":{},"branchMap":{},"s":{"0":3,"1":3,"2":3,"3":3},"f":{},"b":{},"_coverageSchema":"1a1c01bbd47fc00a2c39e90264f33305004495a9","hash":"22c9f4764ea8bacbc0c6aa98c054a4b93eb65b19"}
,"/Users/andres/ecommerce-node/src/routes/auth.js": {"path":"/Users/andres/ecommerce-node/src/routes/auth.js","statementMap":{"0":{"start":{"line":1,"column":16},"end":{"line":1,"column":34}},"1":{"start":{"line":2,"column":28},"end":{"line":2,"column":68}},"2":{"start":{"line":3,"column":15},"end":{"line":3,"column":31}},"3":{"start":{"line":5,"column":0},"end":{"line":5,"column":35}},"4":{"start":{"line":6,"column":0},"end":{"line":6,"column":29}},"5":{"start":{"line":8,"column":0},"end":{"line":8,"column":24}}},"fnMap":{},"branchMap":{},"s":{"0":3,"1":3,"2":3,"3":3,"4":3,"5":3},"f":{},"b":{},"_coverageSchema":"1a1c01bbd47fc00a2c39e90264f33305004495a9","hash":"1698a34511b718e4e29bd9c1515893ba31b49b7b"}
,"/Users/andres/ecommerce-node/src/routes/order.js": {"path":"/Users/andres/ecommerce-node/src/routes/order.js","statementMap":{"0":{"start":{"line":1,"column":16},"end":{"line":1,"column":34}},"1":{"start":{"line":2,"column":15},"end":{"line":2,"column":31}},"2":{"start":{"line":3,"column":13},"end":{"line":3,"column":42}},"3":{"start":{"line":4,"column":35},"end":{"line":4,"column":76}},"4":{"start":{"line":6,"column":0},"end":{"line":6,"column":36}},"5":{"start":{"line":7,"column":0},"end":{"line":7,"column":33}},"6":{"start":{"line":9,"column":0},"end":{"line":9,"column":24}}},"fnMap":{},"branchMap":{},"s":{"0":3,"1":3,"2":3,"3":3,"4":3,"5":3,"6":3},"f":{},"b":{},"_coverageSchema":"1a1c01bbd47fc00a2c39e90264f33305004495a9","hash":"69e08dea5f12f0be6adc993b4cec41dd0a10e3be"}
,"/Users/andres/ecommerce-node/src/routes/product.js": {"path":"/Users/andres/ecommerce-node/src/routes/product.js","statementMap":{"0":{"start":{"line":1,"column":16},"end":{"line":1,"column":34}},"1":{"start":{"line":2,"column":15},"end":{"line":2,"column":31}},"2":{"start":{"line":6,"column":4},"end":{"line":6,"column":47}},"3":{"start":{"line":8,"column":0},"end":{"line":8,"column":32}},"4":{"start":{"line":9,"column":0},"end":{"line":9,"column":35}},"5":{"start":{"line":11,"column":0},"end":{"line":11,"column":24}}},"fnMap":{},"branchMap":{},"s":{"0":3,"1":3,"2":3,"3":3,"4":3,"5":3},"f":{},"b":{},"_coverageSchema":"1a1c01bbd47fc00a2c39e90264f33305004495a9","hash":"24beac507e5d499ee0422fad648303ecb4bad95b"}
,"/Users/andres/ecommerce-node/src/routes/user.js": {"path":"/Users/andres/ecommerce-node/src/routes/user.js","statementMap":{"0":{"start":{"line":1,"column":16},"end":{"line":1,"column":34}},"1":{"start":{"line":2,"column":15},"end":{"line":2,"column":31}},"2":{"start":{"line":3,"column":13},"end":{"line":3,"column":42}},"3":{"start":{"line":4,"column":18},"end":{"line":4,"column":58}},"4":{"start":{"line":6,"column":0},"end":{"line":6,"column":29}},"5":{"start":{"line":8,"column":0},"end":{"line":8,"column":24}}},"fnMap":{},"branchMap":{},"s":{"0":3,"1":3,"2":3,"3":3,"4":3,"5":3},"f":{},"b":{},"_coverageSchema":"1a1c01bbd47fc00a2c39e90264f33305004495a9","hash":"ad405f43f8c3fba7d48114a0bf8ce9b6a740c875"}
}
